BEGIN {
       ##ERROR: unexpected end of input
---

function abc(x { ##ERROR: comma expected in place of '{'
}

---

function abc (x, ...,) { ##ERROR:  right parenthesis expected in place of ','
}

---

function abc (x, ..., a) { ##ERROR:  right parenthesis expected in place of ','
}

---

function abc (... ...) { ##ERROR:  right parenthesis expected in place of '...'
}

---

BEGIN {
	@argv = 10 ##ERROR: invalid assignment statement
}

---

BEGIN {
	@argc = 10 ##ERROR: invalid assignment statement
}

---

BEGIN {
	@nil = 10 ##ERROR: invalid assignment statement
}

---

BEGIN {
	@{};
	@{ "hello", "world } ##ERROR: colon expected in place of ','
}

---

BEGIN {
	hawk::call("sys::SIGTERM", 10 20); ##ERROR: 'sys::SIGTERM' not a function or unsupported
}

---

BEGIN {
	printf(@b"hello %s %c\n", "world"); ##ERROR: insufficient arguments to formatting sequence
}

---

BEGIN {
	printf("hello %s %c %d\n", "world", 'h'); ##ERROR: insufficient arguments to formatting sequence
}

---

BEGIN {
	print @rbc"X";
	print @rbcd;	##ERROR: '@rbcd' not recognized
}

---

BEGIN {
	print @bc'π'; ##ERROR: invalid byte character 'π'
}
